<?xml version="1.0" encoding="UTF-8"?>
<!-- Generated by org.testng.reporters.JUnitXMLReporter -->
<testsuite ignored="8" hostname="DESKTOP-BSS5US9" failures="0" tests="1" name="Default test" time="11.633" errors="0" timestamp="2024-01-18T19:37:47 IST">
  <testcase classname="com.WebSiteTesting.WebTesting" name="DatePicker" time="11.599"/>
  <testcase classname="com.WebSiteTesting.WebTesting" name="AlertWindow" time="0.0">
    <ignored/>
  </testcase> <!-- AlertWindow -->
  <testcase classname="com.WebSiteTesting.WebTesting" name="RegisterScreenTest" time="0.0">
    <ignored/>
  </testcase> <!-- RegisterScreenTest -->
  <testcase classname="com.WebSiteTesting.WebTesting" name="LoginTest" time="0.0">
    <ignored/>
  </testcase> <!-- LoginTest -->
  <testcase classname="com.WebSiteTesting.WebTesting" name="Resizable" time="0.0">
    <ignored/>
  </testcase> <!-- Resizable -->
  <testcase classname="com.WebSiteTesting.WebTesting" name="RadioAndCheckBoxValidate" time="0.0">
    <ignored/>
  </testcase> <!-- RadioAndCheckBoxValidate -->
  <testcase classname="com.WebSiteTesting.WebTesting" name="DragAndDrop" time="0.0">
    <ignored/>
  </testcase> <!-- DragAndDrop -->
  <testcase classname="com.WebSiteTesting.WebTesting" name="Slider" time="0.0">
    <ignored/>
  </testcase> <!-- Slider -->
  <testcase classname="com.WebSiteTesting.WebTesting" name="SwitchingToFrame" time="0.0">
    <ignored/>
  </testcase> <!-- SwitchingToFrame -->
</testsuite> <!-- Default test -->
