<?xml version="1.0" encoding="UTF-8"?>
<testng-results ignored="0" total="1" passed="1" failed="0" skipped="0">
  <reporter-output>
  </reporter-output>
  <suite started-at="2023-12-25T18:03:45 IST" name="Default suite" finished-at="2023-12-25T18:04:12 IST" duration-ms="27480">
    <groups>
    </groups>
    <test started-at="2023-12-25T18:03:45 IST" name="Default test" finished-at="2023-12-25T18:04:12 IST" duration-ms="27480">
      <class name="com.EcommerceSiteAutomate.AutomateFlipkart">
        <test-method signature="LauchBrowser()[pri:0, instance:com.EcommerceSiteAutomate.AutomateFlipkart@4e096385]" started-at="2023-12-25T18:03:45 IST" name="LauchBrowser" finished-at="2023-12-25T18:04:12 IST" duration-ms="27449" status="PASS">
          <reporter-output>
          </reporter-output>
        </test-method> <!-- LauchBrowser -->
      </class> <!-- com.EcommerceSiteAutomate.AutomateFlipkart -->
    </test> <!-- Default test -->
  </suite> <!-- Default suite -->
</testng-results>
