<?xml version="1.0" encoding="UTF-8"?>
<testng-results ignored="0" total="5" passed="5" failed="0" skipped="0">
  <reporter-output>
  </reporter-output>
  <suite started-at="2024-01-11T10:15:11 IST" name="Default suite" finished-at="2024-01-11T10:16:28 IST" duration-ms="77496">
    <groups>
    </groups>
    <test started-at="2024-01-11T10:15:11 IST" name="Default test" finished-at="2024-01-11T10:16:28 IST" duration-ms="77496">
      <class name="com.ECommerce.EcommerceFF_TestNg">
        <test-method signature="LauchBrowser()[pri:0, instance:com.ECommerce.EcommerceFF_TestNg@1a4013]" started-at="2024-01-11T10:15:11 IST" name="LauchBrowser" finished-at="2024-01-11T10:15:29 IST" duration-ms="17803" status="PASS">
          <reporter-output>
          </reporter-output>
        </test-method> <!-- LauchBrowser -->
        <test-method signature="ValidateFlipKartLogin()[pri:1, instance:com.ECommerce.EcommerceFF_TestNg@1a4013]" started-at="2024-01-11T10:15:29 IST" name="ValidateFlipKartLogin" finished-at="2024-01-11T10:15:50 IST" duration-ms="20661" status="PASS">
          <reporter-output>
          </reporter-output>
        </test-method> <!-- ValidateFlipKartLogin -->
        <test-method signature="ValidateProductSearchPage()[pri:2, instance:com.ECommerce.EcommerceFF_TestNg@1a4013]" started-at="2024-01-11T10:15:50 IST" name="ValidateProductSearchPage" finished-at="2024-01-11T10:16:08 IST" duration-ms="18883" status="PASS">
          <reporter-output>
          </reporter-output>
        </test-method> <!-- ValidateProductSearchPage -->
        <test-method signature="ValidateProductDescriptionPage()[pri:3, instance:com.ECommerce.EcommerceFF_TestNg@1a4013]" started-at="2024-01-11T10:16:08 IST" name="ValidateProductDescriptionPage" finished-at="2024-01-11T10:16:25 IST" duration-ms="16849" status="PASS">
          <reporter-output>
          </reporter-output>
        </test-method> <!-- ValidateProductDescriptionPage -->
        <test-method signature="ValidateDeliveryInformationPage()[pri:4, instance:com.ECommerce.EcommerceFF_TestNg@1a4013]" started-at="2024-01-11T10:16:25 IST" name="ValidateDeliveryInformationPage" finished-at="2024-01-11T10:16:28 IST" duration-ms="3216" status="PASS">
          <reporter-output>
          </reporter-output>
        </test-method> <!-- ValidateDeliveryInformationPage -->
      </class> <!-- com.ECommerce.EcommerceFF_TestNg -->
    </test> <!-- Default test -->
  </suite> <!-- Default suite -->
</testng-results>
